2022-12-03 01:53:46.408 [INFO] [restartedMain] [51] Starting EmployeeApplication using Java 17.0.4.1 with PID 10712 (C:\workspace\sts_workspace\Employee\target\classes started by liang in C:\workspace\sts_workspace\Employee)
2022-12-03 01:53:46.412 [INFO] [restartedMain] [630] No active profile set, falling back to 1 default profile: "default"
2022-12-03 01:53:46.449 [INFO] [restartedMain] [250] Devtools property defaults active! Set 'spring.devtools.add-properties' to 'false' to disable
2022-12-03 01:53:46.449 [INFO] [restartedMain] [250] For additional web related logging consider setting the 'logging.level.web' property to 'DEBUG'
2022-12-03 01:53:46.876 [INFO] [restartedMain] [138] Bootstrapping Spring Data JPA repositories in DEFAULT mode.
2022-12-03 01:53:46.923 [INFO] [restartedMain] [208] Finished Spring Data repository scanning in 41 ms. Found 1 JPA repository interfaces.
2022-12-03 01:53:47.333 [INFO] [restartedMain] [114] Tomcat initialized with port(s): 8080 (http)
2022-12-03 01:53:47.342 [INFO] [restartedMain] [173] Starting service [Tomcat]
2022-12-03 01:53:47.342 [INFO] [restartedMain] [173] Starting Servlet engine: [Apache Tomcat/10.1.1]
2022-12-03 01:53:47.391 [INFO] [restartedMain] [173] Initializing Spring embedded WebApplicationContext
2022-12-03 01:53:47.391 [INFO] [restartedMain] [291] Root WebApplicationContext: initialization completed in 941 ms
2022-12-03 01:53:47.476 [INFO] [restartedMain] [110] HikariPool-1 - Starting...
2022-12-03 01:53:47.697 [INFO] [restartedMain] [565] HikariPool-1 - Added connection com.mysql.cj.jdbc.ConnectionImpl@5b5bf648
2022-12-03 01:53:47.699 [INFO] [restartedMain] [123] HikariPool-1 - Start completed.
2022-12-03 01:53:47.728 [INFO] [restartedMain] [31] HHH000204: Processing PersistenceUnitInfo [name: default]
2022-12-03 01:53:47.776 [INFO] [restartedMain] [44] HHH000412: Hibernate ORM core version 6.1.5.Final
2022-12-03 01:53:47.918 [WARN] [restartedMain] [626] HHH90000021: Encountered deprecated setting [javax.persistence.sharedCache.mode], use [jakarta.persistence.sharedCache.mode] instead
2022-12-03 01:53:48.041 [INFO] [restartedMain] [66] HHH000400: Using dialect: org.hibernate.dialect.MySQLDialect
2022-12-03 01:53:48.481 [INFO] [restartedMain] [51] HHH000490: Using JtaPlatform implementation: [org.hibernate.engine.transaction.jta.platform.internal.NoJtaPlatform]
2022-12-03 01:53:48.488 [INFO] [restartedMain] [437] Initialized JPA EntityManagerFactory for persistence unit 'default'
2022-12-03 01:53:48.648 [WARN] [restartedMain] [227] spring.jpa.open-in-view is enabled by default. Therefore, database queries may be performed during view rendering. Explicitly configure spring.jpa.open-in-view to disable this warning
2022-12-03 01:53:48.850 [INFO] [restartedMain] [59] LiveReload server is running on port 35729
2022-12-03 01:53:48.874 [INFO] [restartedMain] [226] Tomcat started on port(s): 8080 (http) with context path ''
2022-12-03 01:53:48.880 [INFO] [restartedMain] [57] Started EmployeeApplication in 2.777 seconds (process running for 3.386)
2022-12-03 01:55:07.413 [INFO] [http-nio-8080-exec-1] [173] Initializing Spring DispatcherServlet 'dispatcherServlet'
2022-12-03 01:55:07.413 [INFO] [http-nio-8080-exec-1] [525] Initializing Servlet 'dispatcherServlet'
2022-12-03 01:55:07.414 [INFO] [http-nio-8080-exec-1] [547] Completed initialization in 1 ms
2022-12-03 02:03:56.030 [INFO] [File Watcher] [211] Restarting due to 1 class path change (0 additions, 0 deletions, 1 modification)
2022-12-03 02:03:56.049 [INFO] [Thread-5] [173] Stopping service [Tomcat]
2022-12-03 02:03:56.051 [INFO] [Thread-5] [173] Destroying Spring FrameworkServlet 'dispatcherServlet'
2022-12-03 02:03:56.057 [INFO] [Thread-5] [650] Closing JPA EntityManagerFactory for persistence unit 'default'
2022-12-03 02:03:56.059 [INFO] [Thread-5] [350] HikariPool-1 - Shutdown initiated...
2022-12-03 02:03:56.063 [INFO] [Thread-5] [352] HikariPool-1 - Shutdown completed.
2022-12-03 02:03:56.108 [INFO] [restartedMain] [51] Starting EmployeeApplication using Java 17.0.4.1 with PID 10712 (C:\workspace\sts_workspace\Employee\target\classes started by liang in C:\workspace\sts_workspace\Employee)
2022-12-03 02:03:56.108 [INFO] [restartedMain] [630] No active profile set, falling back to 1 default profile: "default"
2022-12-03 02:03:56.195 [INFO] [restartedMain] [138] Bootstrapping Spring Data JPA repositories in DEFAULT mode.
2022-12-03 02:03:56.200 [INFO] [restartedMain] [208] Finished Spring Data repository scanning in 4 ms. Found 1 JPA repository interfaces.
2022-12-03 02:03:56.243 [INFO] [restartedMain] [114] Tomcat initialized with port(s): 8080 (http)
2022-12-03 02:03:56.243 [INFO] [restartedMain] [173] Starting service [Tomcat]
2022-12-03 02:03:56.243 [INFO] [restartedMain] [173] Starting Servlet engine: [Apache Tomcat/10.1.1]
2022-12-03 02:03:56.253 [INFO] [restartedMain] [173] Initializing Spring embedded WebApplicationContext
2022-12-03 02:03:56.253 [INFO] [restartedMain] [291] Root WebApplicationContext: initialization completed in 144 ms
2022-12-03 02:03:56.273 [INFO] [restartedMain] [110] HikariPool-2 - Starting...
2022-12-03 02:03:56.284 [INFO] [restartedMain] [565] HikariPool-2 - Added connection com.mysql.cj.jdbc.ConnectionImpl@4f7f189a
2022-12-03 02:03:56.284 [INFO] [restartedMain] [123] HikariPool-2 - Start completed.
2022-12-03 02:03:56.285 [INFO] [restartedMain] [31] HHH000204: Processing PersistenceUnitInfo [name: default]
2022-12-03 02:03:56.287 [WARN] [restartedMain] [626] HHH90000021: Encountered deprecated setting [javax.persistence.sharedCache.mode], use [jakarta.persistence.sharedCache.mode] instead
2022-12-03 02:03:56.290 [INFO] [restartedMain] [66] HHH000400: Using dialect: org.hibernate.dialect.MySQLDialect
2022-12-03 02:03:56.303 [INFO] [restartedMain] [51] HHH000490: Using JtaPlatform implementation: [org.hibernate.engine.transaction.jta.platform.internal.NoJtaPlatform]
2022-12-03 02:03:56.303 [INFO] [restartedMain] [437] Initialized JPA EntityManagerFactory for persistence unit 'default'
2022-12-03 02:03:56.334 [WARN] [restartedMain] [227] spring.jpa.open-in-view is enabled by default. Therefore, database queries may be performed during view rendering. Explicitly configure spring.jpa.open-in-view to disable this warning
2022-12-03 02:03:56.379 [INFO] [restartedMain] [59] LiveReload server is running on port 35729
2022-12-03 02:03:56.385 [INFO] [restartedMain] [226] Tomcat started on port(s): 8080 (http) with context path ''
2022-12-03 02:03:56.388 [INFO] [restartedMain] [57] Started EmployeeApplication in 0.294 seconds (process running for 610.894)
2022-12-03 02:03:56.389 [INFO] [restartedMain] [63] Condition evaluation unchanged
2022-12-03 02:04:52.744 [INFO] [File Watcher] [211] Restarting due to 1 class path change (0 additions, 0 deletions, 1 modification)
2022-12-03 02:04:52.757 [INFO] [Thread-7] [173] Stopping service [Tomcat]
2022-12-03 02:04:52.760 [INFO] [Thread-7] [650] Closing JPA EntityManagerFactory for persistence unit 'default'
2022-12-03 02:04:52.761 [INFO] [Thread-7] [350] HikariPool-2 - Shutdown initiated...
2022-12-03 02:04:52.763 [INFO] [Thread-7] [352] HikariPool-2 - Shutdown completed.
2022-12-03 02:04:52.802 [INFO] [restartedMain] [51] Starting EmployeeApplication using Java 17.0.4.1 with PID 10712 (C:\workspace\sts_workspace\Employee\target\classes started by liang in C:\workspace\sts_workspace\Employee)
2022-12-03 02:04:52.802 [INFO] [restartedMain] [630] No active profile set, falling back to 1 default profile: "default"
2022-12-03 02:04:52.880 [INFO] [restartedMain] [138] Bootstrapping Spring Data JPA repositories in DEFAULT mode.
2022-12-03 02:04:52.885 [INFO] [restartedMain] [208] Finished Spring Data repository scanning in 4 ms. Found 1 JPA repository interfaces.
2022-12-03 02:04:52.921 [INFO] [restartedMain] [114] Tomcat initialized with port(s): 8080 (http)
2022-12-03 02:04:52.921 [INFO] [restartedMain] [173] Starting service [Tomcat]
2022-12-03 02:04:52.921 [INFO] [restartedMain] [173] Starting Servlet engine: [Apache Tomcat/10.1.1]
2022-12-03 02:04:52.931 [INFO] [restartedMain] [173] Initializing Spring embedded WebApplicationContext
2022-12-03 02:04:52.931 [INFO] [restartedMain] [291] Root WebApplicationContext: initialization completed in 128 ms
2022-12-03 02:04:52.949 [INFO] [restartedMain] [110] HikariPool-3 - Starting...
2022-12-03 02:04:52.960 [INFO] [restartedMain] [565] HikariPool-3 - Added connection com.mysql.cj.jdbc.ConnectionImpl@5f55beab
2022-12-03 02:04:52.960 [INFO] [restartedMain] [123] HikariPool-3 - Start completed.
2022-12-03 02:04:52.961 [INFO] [restartedMain] [31] HHH000204: Processing PersistenceUnitInfo [name: default]
2022-12-03 02:04:52.964 [WARN] [restartedMain] [626] HHH90000021: Encountered deprecated setting [javax.persistence.sharedCache.mode], use [jakarta.persistence.sharedCache.mode] instead
2022-12-03 02:04:52.966 [INFO] [restartedMain] [66] HHH000400: Using dialect: org.hibernate.dialect.MySQLDialect
2022-12-03 02:04:52.978 [INFO] [restartedMain] [51] HHH000490: Using JtaPlatform implementation: [org.hibernate.engine.transaction.jta.platform.internal.NoJtaPlatform]
2022-12-03 02:04:52.979 [INFO] [restartedMain] [437] Initialized JPA EntityManagerFactory for persistence unit 'default'
2022-12-03 02:04:53.013 [WARN] [restartedMain] [227] spring.jpa.open-in-view is enabled by default. Therefore, database queries may be performed during view rendering. Explicitly configure spring.jpa.open-in-view to disable this warning
2022-12-03 02:04:53.055 [INFO] [restartedMain] [59] LiveReload server is running on port 35729
2022-12-03 02:04:53.061 [INFO] [restartedMain] [226] Tomcat started on port(s): 8080 (http) with context path ''
2022-12-03 02:04:53.063 [INFO] [restartedMain] [57] Started EmployeeApplication in 0.273 seconds (process running for 667.57)
2022-12-03 02:04:53.064 [INFO] [restartedMain] [63] Condition evaluation unchanged
2022-12-03 02:09:44.412 [INFO] [File Watcher] [211] Restarting due to 1 class path change (0 additions, 0 deletions, 1 modification)
2022-12-03 02:09:44.416 [INFO] [Thread-11] [173] Stopping service [Tomcat]
2022-12-03 02:09:44.418 [INFO] [Thread-11] [650] Closing JPA EntityManagerFactory for persistence unit 'default'
2022-12-03 02:09:44.419 [INFO] [Thread-11] [350] HikariPool-3 - Shutdown initiated...
2022-12-03 02:09:44.421 [INFO] [Thread-11] [352] HikariPool-3 - Shutdown completed.
2022-12-03 02:09:44.461 [INFO] [restartedMain] [51] Starting EmployeeApplication using Java 17.0.4.1 with PID 10712 (C:\workspace\sts_workspace\Employee\target\classes started by liang in C:\workspace\sts_workspace\Employee)
2022-12-03 02:09:44.461 [INFO] [restartedMain] [630] No active profile set, falling back to 1 default profile: "default"
2022-12-03 02:09:44.554 [INFO] [restartedMain] [138] Bootstrapping Spring Data JPA repositories in DEFAULT mode.
2022-12-03 02:09:44.559 [INFO] [restartedMain] [208] Finished Spring Data repository scanning in 4 ms. Found 1 JPA repository interfaces.
2022-12-03 02:09:44.595 [INFO] [restartedMain] [114] Tomcat initialized with port(s): 8080 (http)
2022-12-03 02:09:44.595 [INFO] [restartedMain] [173] Starting service [Tomcat]
2022-12-03 02:09:44.595 [INFO] [restartedMain] [173] Starting Servlet engine: [Apache Tomcat/10.1.1]
2022-12-03 02:09:44.604 [INFO] [restartedMain] [173] Initializing Spring embedded WebApplicationContext
2022-12-03 02:09:44.605 [INFO] [restartedMain] [291] Root WebApplicationContext: initialization completed in 143 ms
2022-12-03 02:09:44.624 [INFO] [restartedMain] [110] HikariPool-4 - Starting...
2022-12-03 02:09:44.634 [INFO] [restartedMain] [565] HikariPool-4 - Added connection com.mysql.cj.jdbc.ConnectionImpl@25557462
2022-12-03 02:09:44.635 [INFO] [restartedMain] [123] HikariPool-4 - Start completed.
2022-12-03 02:09:44.636 [INFO] [restartedMain] [31] HHH000204: Processing PersistenceUnitInfo [name: default]
2022-12-03 02:09:44.638 [WARN] [restartedMain] [626] HHH90000021: Encountered deprecated setting [javax.persistence.sharedCache.mode], use [jakarta.persistence.sharedCache.mode] instead
2022-12-03 02:09:44.642 [INFO] [restartedMain] [66] HHH000400: Using dialect: org.hibernate.dialect.MySQLDialect
2022-12-03 02:09:44.654 [INFO] [restartedMain] [51] HHH000490: Using JtaPlatform implementation: [org.hibernate.engine.transaction.jta.platform.internal.NoJtaPlatform]
2022-12-03 02:09:44.654 [INFO] [restartedMain] [437] Initialized JPA EntityManagerFactory for persistence unit 'default'
2022-12-03 02:09:44.685 [WARN] [restartedMain] [227] spring.jpa.open-in-view is enabled by default. Therefore, database queries may be performed during view rendering. Explicitly configure spring.jpa.open-in-view to disable this warning
2022-12-03 02:09:44.729 [INFO] [restartedMain] [59] LiveReload server is running on port 35729
2022-12-03 02:09:44.735 [INFO] [restartedMain] [226] Tomcat started on port(s): 8080 (http) with context path ''
2022-12-03 02:09:44.738 [INFO] [restartedMain] [57] Started EmployeeApplication in 0.291 seconds (process running for 959.245)
2022-12-03 02:09:44.739 [INFO] [restartedMain] [63] Condition evaluation unchanged
2022-12-03 02:10:13.608 [INFO] [File Watcher] [211] Restarting due to 1 class path change (0 additions, 0 deletions, 1 modification)
2022-12-03 02:10:13.612 [INFO] [Thread-15] [173] Stopping service [Tomcat]
2022-12-03 02:10:13.615 [INFO] [Thread-15] [650] Closing JPA EntityManagerFactory for persistence unit 'default'
2022-12-03 02:10:13.616 [INFO] [Thread-15] [350] HikariPool-4 - Shutdown initiated...
2022-12-03 02:10:13.617 [INFO] [Thread-15] [352] HikariPool-4 - Shutdown completed.
2022-12-03 02:10:13.653 [INFO] [restartedMain] [51] Starting EmployeeApplication using Java 17.0.4.1 with PID 10712 (C:\workspace\sts_workspace\Employee\target\classes started by liang in C:\workspace\sts_workspace\Employee)
2022-12-03 02:10:13.653 [INFO] [restartedMain] [630] No active profile set, falling back to 1 default profile: "default"
2022-12-03 02:10:13.732 [INFO] [restartedMain] [138] Bootstrapping Spring Data JPA repositories in DEFAULT mode.
2022-12-03 02:10:13.738 [INFO] [restartedMain] [208] Finished Spring Data repository scanning in 5 ms. Found 1 JPA repository interfaces.
2022-12-03 02:10:13.773 [INFO] [restartedMain] [114] Tomcat initialized with port(s): 8080 (http)
2022-12-03 02:10:13.773 [INFO] [restartedMain] [173] Starting service [Tomcat]
2022-12-03 02:10:13.774 [INFO] [restartedMain] [173] Starting Servlet engine: [Apache Tomcat/10.1.1]
2022-12-03 02:10:13.783 [INFO] [restartedMain] [173] Initializing Spring embedded WebApplicationContext
2022-12-03 02:10:13.783 [INFO] [restartedMain] [291] Root WebApplicationContext: initialization completed in 128 ms
2022-12-03 02:10:13.802 [INFO] [restartedMain] [110] HikariPool-5 - Starting...
2022-12-03 02:10:13.809 [INFO] [restartedMain] [565] HikariPool-5 - Added connection com.mysql.cj.jdbc.ConnectionImpl@26543362
2022-12-03 02:10:13.809 [INFO] [restartedMain] [123] HikariPool-5 - Start completed.
2022-12-03 02:10:13.810 [INFO] [restartedMain] [31] HHH000204: Processing PersistenceUnitInfo [name: default]
2022-12-03 02:10:13.812 [WARN] [restartedMain] [626] HHH90000021: Encountered deprecated setting [javax.persistence.sharedCache.mode], use [jakarta.persistence.sharedCache.mode] instead
2022-12-03 02:10:13.815 [INFO] [restartedMain] [66] HHH000400: Using dialect: org.hibernate.dialect.MySQLDialect
2022-12-03 02:10:13.824 [INFO] [restartedMain] [51] HHH000490: Using JtaPlatform implementation: [org.hibernate.engine.transaction.jta.platform.internal.NoJtaPlatform]
2022-12-03 02:10:13.825 [INFO] [restartedMain] [437] Initialized JPA EntityManagerFactory for persistence unit 'default'
2022-12-03 02:10:13.868 [WARN] [restartedMain] [227] spring.jpa.open-in-view is enabled by default. Therefore, database queries may be performed during view rendering. Explicitly configure spring.jpa.open-in-view to disable this warning
2022-12-03 02:10:13.906 [INFO] [restartedMain] [59] LiveReload server is running on port 35729
2022-12-03 02:10:13.912 [INFO] [restartedMain] [226] Tomcat started on port(s): 8080 (http) with context path ''
2022-12-03 02:10:13.915 [INFO] [restartedMain] [57] Started EmployeeApplication in 0.274 seconds (process running for 988.422)
2022-12-03 02:10:13.915 [INFO] [restartedMain] [63] Condition evaluation unchanged
2022-12-03 02:10:23.420 [INFO] [File Watcher] [211] Restarting due to 1 class path change (0 additions, 0 deletions, 1 modification)
2022-12-03 02:10:23.424 [INFO] [Thread-19] [173] Stopping service [Tomcat]
2022-12-03 02:10:23.426 [INFO] [Thread-19] [650] Closing JPA EntityManagerFactory for persistence unit 'default'
2022-12-03 02:10:23.427 [INFO] [Thread-19] [350] HikariPool-5 - Shutdown initiated...
2022-12-03 02:10:23.428 [INFO] [Thread-19] [352] HikariPool-5 - Shutdown completed.
2022-12-03 02:10:23.463 [INFO] [restartedMain] [51] Starting EmployeeApplication using Java 17.0.4.1 with PID 10712 (C:\workspace\sts_workspace\Employee\target\classes started by liang in C:\workspace\sts_workspace\Employee)
2022-12-03 02:10:23.463 [INFO] [restartedMain] [630] No active profile set, falling back to 1 default profile: "default"
2022-12-03 02:10:23.543 [INFO] [restartedMain] [138] Bootstrapping Spring Data JPA repositories in DEFAULT mode.
2022-12-03 02:10:23.547 [INFO] [restartedMain] [208] Finished Spring Data repository scanning in 3 ms. Found 1 JPA repository interfaces.
2022-12-03 02:10:23.584 [INFO] [restartedMain] [114] Tomcat initialized with port(s): 8080 (http)
2022-12-03 02:10:23.584 [INFO] [restartedMain] [173] Starting service [Tomcat]
2022-12-03 02:10:23.585 [INFO] [restartedMain] [173] Starting Servlet engine: [Apache Tomcat/10.1.1]
2022-12-03 02:10:23.593 [INFO] [restartedMain] [173] Initializing Spring embedded WebApplicationContext
2022-12-03 02:10:23.593 [INFO] [restartedMain] [291] Root WebApplicationContext: initialization completed in 129 ms
2022-12-03 02:10:23.608 [INFO] [restartedMain] [110] HikariPool-6 - Starting...
2022-12-03 02:10:23.617 [INFO] [restartedMain] [565] HikariPool-6 - Added connection com.mysql.cj.jdbc.ConnectionImpl@298d6e43
2022-12-03 02:10:23.617 [INFO] [restartedMain] [123] HikariPool-6 - Start completed.
2022-12-03 02:10:23.618 [INFO] [restartedMain] [31] HHH000204: Processing PersistenceUnitInfo [name: default]
2022-12-03 02:10:23.620 [WARN] [restartedMain] [626] HHH90000021: Encountered deprecated setting [javax.persistence.sharedCache.mode], use [jakarta.persistence.sharedCache.mode] instead
2022-12-03 02:10:23.623 [INFO] [restartedMain] [66] HHH000400: Using dialect: org.hibernate.dialect.MySQLDialect
2022-12-03 02:10:23.634 [INFO] [restartedMain] [51] HHH000490: Using JtaPlatform implementation: [org.hibernate.engine.transaction.jta.platform.internal.NoJtaPlatform]
2022-12-03 02:10:23.635 [INFO] [restartedMain] [437] Initialized JPA EntityManagerFactory for persistence unit 'default'
2022-12-03 02:10:23.672 [WARN] [restartedMain] [227] spring.jpa.open-in-view is enabled by default. Therefore, database queries may be performed during view rendering. Explicitly configure spring.jpa.open-in-view to disable this warning
2022-12-03 02:10:23.712 [INFO] [restartedMain] [59] LiveReload server is running on port 35729
2022-12-03 02:10:23.718 [INFO] [restartedMain] [226] Tomcat started on port(s): 8080 (http) with context path ''
2022-12-03 02:10:23.720 [INFO] [restartedMain] [57] Started EmployeeApplication in 0.269 seconds (process running for 998.227)
2022-12-03 02:10:23.721 [INFO] [restartedMain] [63] Condition evaluation unchanged
2022-12-03 02:11:19.105 [INFO] [http-nio-8080-exec-3] [173] Initializing Spring DispatcherServlet 'dispatcherServlet'
2022-12-03 02:11:19.105 [INFO] [http-nio-8080-exec-3] [525] Initializing Servlet 'dispatcherServlet'
2022-12-03 02:11:19.106 [INFO] [http-nio-8080-exec-3] [547] Completed initialization in 1 ms
2022-12-03 02:11:19.111 [WARN] [http-nio-8080-exec-3] [207] Resolved [org.springframework.http.converter.HttpMessageNotReadableException: Required request body is missing: public void com.liang.controller.EmpController.updateEmp(long,com.liang.jpa.entity.Emp)]
2022-12-03 02:14:43.844 [INFO] [File Watcher] [211] Restarting due to 1 class path change (0 additions, 0 deletions, 1 modification)
2022-12-03 02:14:43.847 [INFO] [Thread-23] [173] Stopping service [Tomcat]
2022-12-03 02:14:43.848 [INFO] [Thread-23] [173] Destroying Spring FrameworkServlet 'dispatcherServlet'
2022-12-03 02:14:43.850 [INFO] [Thread-23] [650] Closing JPA EntityManagerFactory for persistence unit 'default'
2022-12-03 02:14:43.850 [INFO] [Thread-23] [350] HikariPool-6 - Shutdown initiated...
2022-12-03 02:14:43.851 [INFO] [Thread-23] [352] HikariPool-6 - Shutdown completed.
2022-12-03 02:14:43.886 [INFO] [restartedMain] [51] Starting EmployeeApplication using Java 17.0.4.1 with PID 10712 (C:\workspace\sts_workspace\Employee\target\classes started by liang in C:\workspace\sts_workspace\Employee)
2022-12-03 02:14:43.886 [INFO] [restartedMain] [630] No active profile set, falling back to 1 default profile: "default"
2022-12-03 02:14:43.961 [INFO] [restartedMain] [138] Bootstrapping Spring Data JPA repositories in DEFAULT mode.
2022-12-03 02:14:43.966 [INFO] [restartedMain] [208] Finished Spring Data repository scanning in 4 ms. Found 1 JPA repository interfaces.
2022-12-03 02:14:44.000 [INFO] [restartedMain] [114] Tomcat initialized with port(s): 8080 (http)
2022-12-03 02:14:44.000 [INFO] [restartedMain] [173] Starting service [Tomcat]
2022-12-03 02:14:44.000 [INFO] [restartedMain] [173] Starting Servlet engine: [Apache Tomcat/10.1.1]
2022-12-03 02:14:44.009 [INFO] [restartedMain] [173] Initializing Spring embedded WebApplicationContext
2022-12-03 02:14:44.009 [INFO] [restartedMain] [291] Root WebApplicationContext: initialization completed in 122 ms
2022-12-03 02:14:44.024 [INFO] [restartedMain] [110] HikariPool-7 - Starting...
2022-12-03 02:14:44.032 [INFO] [restartedMain] [565] HikariPool-7 - Added connection com.mysql.cj.jdbc.ConnectionImpl@3bfbc5e6
2022-12-03 02:14:44.032 [INFO] [restartedMain] [123] HikariPool-7 - Start completed.
2022-12-03 02:14:44.033 [INFO] [restartedMain] [31] HHH000204: Processing PersistenceUnitInfo [name: default]
2022-12-03 02:14:44.034 [WARN] [restartedMain] [626] HHH90000021: Encountered deprecated setting [javax.persistence.sharedCache.mode], use [jakarta.persistence.sharedCache.mode] instead
2022-12-03 02:14:44.037 [INFO] [restartedMain] [66] HHH000400: Using dialect: org.hibernate.dialect.MySQLDialect
2022-12-03 02:14:44.046 [INFO] [restartedMain] [51] HHH000490: Using JtaPlatform implementation: [org.hibernate.engine.transaction.jta.platform.internal.NoJtaPlatform]
2022-12-03 02:14:44.046 [INFO] [restartedMain] [437] Initialized JPA EntityManagerFactory for persistence unit 'default'
2022-12-03 02:14:44.081 [WARN] [restartedMain] [227] spring.jpa.open-in-view is enabled by default. Therefore, database queries may be performed during view rendering. Explicitly configure spring.jpa.open-in-view to disable this warning
2022-12-03 02:14:44.119 [INFO] [restartedMain] [59] LiveReload server is running on port 35729
2022-12-03 02:14:44.125 [INFO] [restartedMain] [226] Tomcat started on port(s): 8080 (http) with context path ''
2022-12-03 02:14:44.127 [INFO] [restartedMain] [57] Started EmployeeApplication in 0.253 seconds (process running for 1258.634)
2022-12-03 02:14:44.128 [INFO] [restartedMain] [63] Condition evaluation unchanged
2022-12-03 02:20:53.794 [INFO] [File Watcher] [211] Restarting due to 1 class path change (0 additions, 0 deletions, 1 modification)
2022-12-03 02:20:53.799 [INFO] [Thread-27] [173] Stopping service [Tomcat]
2022-12-03 02:20:53.801 [INFO] [Thread-27] [650] Closing JPA EntityManagerFactory for persistence unit 'default'
2022-12-03 02:20:53.802 [INFO] [Thread-27] [350] HikariPool-7 - Shutdown initiated...
2022-12-03 02:20:53.803 [INFO] [Thread-27] [352] HikariPool-7 - Shutdown completed.
2022-12-03 02:20:53.840 [INFO] [restartedMain] [51] Starting EmployeeApplication using Java 17.0.4.1 with PID 10712 (C:\workspace\sts_workspace\Employee\target\classes started by liang in C:\workspace\sts_workspace\Employee)
2022-12-03 02:20:53.840 [INFO] [restartedMain] [630] No active profile set, falling back to 1 default profile: "default"
2022-12-03 02:20:53.914 [INFO] [restartedMain] [138] Bootstrapping Spring Data JPA repositories in DEFAULT mode.
2022-12-03 02:20:53.918 [INFO] [restartedMain] [208] Finished Spring Data repository scanning in 3 ms. Found 1 JPA repository interfaces.
2022-12-03 02:20:53.952 [INFO] [restartedMain] [114] Tomcat initialized with port(s): 8080 (http)
2022-12-03 02:20:53.952 [INFO] [restartedMain] [173] Starting service [Tomcat]
2022-12-03 02:20:53.952 [INFO] [restartedMain] [173] Starting Servlet engine: [Apache Tomcat/10.1.1]
2022-12-03 02:20:53.961 [INFO] [restartedMain] [173] Initializing Spring embedded WebApplicationContext
2022-12-03 02:20:53.961 [INFO] [restartedMain] [291] Root WebApplicationContext: initialization completed in 120 ms
2022-12-03 02:20:53.976 [INFO] [restartedMain] [110] HikariPool-8 - Starting...
2022-12-03 02:20:53.984 [INFO] [restartedMain] [565] HikariPool-8 - Added connection com.mysql.cj.jdbc.ConnectionImpl@2d570404
2022-12-03 02:20:53.985 [INFO] [restartedMain] [123] HikariPool-8 - Start completed.
2022-12-03 02:20:53.985 [INFO] [restartedMain] [31] HHH000204: Processing PersistenceUnitInfo [name: default]
2022-12-03 02:20:53.987 [WARN] [restartedMain] [626] HHH90000021: Encountered deprecated setting [javax.persistence.sharedCache.mode], use [jakarta.persistence.sharedCache.mode] instead
2022-12-03 02:20:53.989 [INFO] [restartedMain] [66] HHH000400: Using dialect: org.hibernate.dialect.MySQLDialect
2022-12-03 02:20:53.999 [INFO] [restartedMain] [51] HHH000490: Using JtaPlatform implementation: [org.hibernate.engine.transaction.jta.platform.internal.NoJtaPlatform]
2022-12-03 02:20:53.999 [INFO] [restartedMain] [437] Initialized JPA EntityManagerFactory for persistence unit 'default'
2022-12-03 02:20:54.031 [WARN] [restartedMain] [227] spring.jpa.open-in-view is enabled by default. Therefore, database queries may be performed during view rendering. Explicitly configure spring.jpa.open-in-view to disable this warning
2022-12-03 02:20:54.068 [INFO] [restartedMain] [59] LiveReload server is running on port 35729
2022-12-03 02:20:54.074 [INFO] [restartedMain] [226] Tomcat started on port(s): 8080 (http) with context path ''
2022-12-03 02:20:54.076 [INFO] [restartedMain] [57] Started EmployeeApplication in 0.249 seconds (process running for 1628.583)
2022-12-03 02:20:54.077 [INFO] [restartedMain] [63] Condition evaluation unchanged
2022-12-03 02:21:58.999 [INFO] [File Watcher] [211] Restarting due to 1 class path change (0 additions, 0 deletions, 1 modification)
2022-12-03 02:21:59.024 [INFO] [Thread-31] [173] Stopping service [Tomcat]
2022-12-03 02:21:59.031 [INFO] [Thread-31] [650] Closing JPA EntityManagerFactory for persistence unit 'default'
2022-12-03 02:21:59.032 [INFO] [Thread-31] [350] HikariPool-8 - Shutdown initiated...
2022-12-03 02:21:59.033 [INFO] [Thread-31] [352] HikariPool-8 - Shutdown completed.
2022-12-03 02:21:59.069 [INFO] [restartedMain] [51] Starting EmployeeApplication using Java 17.0.4.1 with PID 10712 (C:\workspace\sts_workspace\Employee\target\classes started by liang in C:\workspace\sts_workspace\Employee)
2022-12-03 02:21:59.069 [INFO] [restartedMain] [630] No active profile set, falling back to 1 default profile: "default"
2022-12-03 02:21:59.140 [INFO] [restartedMain] [138] Bootstrapping Spring Data JPA repositories in DEFAULT mode.
2022-12-03 02:21:59.144 [INFO] [restartedMain] [208] Finished Spring Data repository scanning in 4 ms. Found 1 JPA repository interfaces.
2022-12-03 02:21:59.176 [INFO] [restartedMain] [114] Tomcat initialized with port(s): 8080 (http)
2022-12-03 02:21:59.177 [INFO] [restartedMain] [173] Starting service [Tomcat]
2022-12-03 02:21:59.177 [INFO] [restartedMain] [173] Starting Servlet engine: [Apache Tomcat/10.1.1]
2022-12-03 02:21:59.185 [INFO] [restartedMain] [173] Initializing Spring embedded WebApplicationContext
2022-12-03 02:21:59.185 [INFO] [restartedMain] [291] Root WebApplicationContext: initialization completed in 115 ms
2022-12-03 02:21:59.201 [INFO] [restartedMain] [110] HikariPool-9 - Starting...
2022-12-03 02:21:59.213 [INFO] [restartedMain] [565] HikariPool-9 - Added connection com.mysql.cj.jdbc.ConnectionImpl@5e0a6545
2022-12-03 02:21:59.213 [INFO] [restartedMain] [123] HikariPool-9 - Start completed.
2022-12-03 02:21:59.214 [INFO] [restartedMain] [31] HHH000204: Processing PersistenceUnitInfo [name: default]
2022-12-03 02:21:59.217 [WARN] [restartedMain] [626] HHH90000021: Encountered deprecated setting [javax.persistence.sharedCache.mode], use [jakarta.persistence.sharedCache.mode] instead
2022-12-03 02:21:59.220 [INFO] [restartedMain] [66] HHH000400: Using dialect: org.hibernate.dialect.MySQLDialect
2022-12-03 02:21:59.230 [INFO] [restartedMain] [51] HHH000490: Using JtaPlatform implementation: [org.hibernate.engine.transaction.jta.platform.internal.NoJtaPlatform]
2022-12-03 02:21:59.230 [INFO] [restartedMain] [437] Initialized JPA EntityManagerFactory for persistence unit 'default'
2022-12-03 02:21:59.261 [WARN] [restartedMain] [227] spring.jpa.open-in-view is enabled by default. Therefore, database queries may be performed during view rendering. Explicitly configure spring.jpa.open-in-view to disable this warning
2022-12-03 02:21:59.301 [INFO] [restartedMain] [59] LiveReload server is running on port 35729
2022-12-03 02:21:59.307 [INFO] [restartedMain] [226] Tomcat started on port(s): 8080 (http) with context path ''
2022-12-03 02:21:59.309 [INFO] [restartedMain] [57] Started EmployeeApplication in 0.25 seconds (process running for 1693.815)
2022-12-03 02:21:59.309 [INFO] [restartedMain] [63] Condition evaluation unchanged
2022-12-03 02:22:45.599 [INFO] [http-nio-8080-exec-2] [173] Initializing Spring DispatcherServlet 'dispatcherServlet'
2022-12-03 02:22:45.599 [INFO] [http-nio-8080-exec-2] [525] Initializing Servlet 'dispatcherServlet'
2022-12-03 02:22:45.599 [INFO] [http-nio-8080-exec-2] [547] Completed initialization in 0 ms
2022-12-03 02:23:47.677 [INFO] [File Watcher] [211] Restarting due to 1 class path change (0 additions, 0 deletions, 1 modification)
2022-12-03 02:23:47.681 [INFO] [Thread-35] [173] Stopping service [Tomcat]
2022-12-03 02:23:47.681 [INFO] [Thread-35] [173] Destroying Spring FrameworkServlet 'dispatcherServlet'
2022-12-03 02:23:47.683 [INFO] [Thread-35] [650] Closing JPA EntityManagerFactory for persistence unit 'default'
2022-12-03 02:23:47.683 [INFO] [Thread-35] [350] HikariPool-9 - Shutdown initiated...
2022-12-03 02:23:47.685 [INFO] [Thread-35] [352] HikariPool-9 - Shutdown completed.
2022-12-03 02:23:47.720 [INFO] [restartedMain] [51] Starting EmployeeApplication using Java 17.0.4.1 with PID 10712 (C:\workspace\sts_workspace\Employee\target\classes started by liang in C:\workspace\sts_workspace\Employee)
2022-12-03 02:23:47.720 [INFO] [restartedMain] [630] No active profile set, falling back to 1 default profile: "default"
2022-12-03 02:23:47.795 [INFO] [restartedMain] [138] Bootstrapping Spring Data JPA repositories in DEFAULT mode.
2022-12-03 02:23:47.799 [INFO] [restartedMain] [208] Finished Spring Data repository scanning in 3 ms. Found 1 JPA repository interfaces.
2022-12-03 02:23:47.832 [INFO] [restartedMain] [114] Tomcat initialized with port(s): 8080 (http)
2022-12-03 02:23:47.832 [INFO] [restartedMain] [173] Starting service [Tomcat]
2022-12-03 02:23:47.832 [INFO] [restartedMain] [173] Starting Servlet engine: [Apache Tomcat/10.1.1]
2022-12-03 02:23:47.841 [INFO] [restartedMain] [173] Initializing Spring embedded WebApplicationContext
2022-12-03 02:23:47.841 [INFO] [restartedMain] [291] Root WebApplicationContext: initialization completed in 120 ms
2022-12-03 02:23:47.855 [INFO] [restartedMain] [110] HikariPool-10 - Starting...
2022-12-03 02:23:47.863 [INFO] [restartedMain] [565] HikariPool-10 - Added connection com.mysql.cj.jdbc.ConnectionImpl@1905c9e6
2022-12-03 02:23:47.863 [INFO] [restartedMain] [123] HikariPool-10 - Start completed.
2022-12-03 02:23:47.864 [INFO] [restartedMain] [31] HHH000204: Processing PersistenceUnitInfo [name: default]
2022-12-03 02:23:47.866 [WARN] [restartedMain] [626] HHH90000021: Encountered deprecated setting [javax.persistence.sharedCache.mode], use [jakarta.persistence.sharedCache.mode] instead
2022-12-03 02:23:47.868 [INFO] [restartedMain] [66] HHH000400: Using dialect: org.hibernate.dialect.MySQLDialect
2022-12-03 02:23:47.877 [INFO] [restartedMain] [51] HHH000490: Using JtaPlatform implementation: [org.hibernate.engine.transaction.jta.platform.internal.NoJtaPlatform]
2022-12-03 02:23:47.878 [INFO] [restartedMain] [437] Initialized JPA EntityManagerFactory for persistence unit 'default'
2022-12-03 02:23:47.909 [WARN] [restartedMain] [227] spring.jpa.open-in-view is enabled by default. Therefore, database queries may be performed during view rendering. Explicitly configure spring.jpa.open-in-view to disable this warning
2022-12-03 02:23:47.955 [INFO] [restartedMain] [59] LiveReload server is running on port 35729
2022-12-03 02:23:47.960 [INFO] [restartedMain] [226] Tomcat started on port(s): 8080 (http) with context path ''
2022-12-03 02:23:47.963 [INFO] [restartedMain] [57] Started EmployeeApplication in 0.254 seconds (process running for 1802.47)
2022-12-03 02:23:47.964 [INFO] [restartedMain] [63] Condition evaluation unchanged
2022-12-03 02:23:48.075 [INFO] [http-nio-8080-exec-2] [173] Initializing Spring DispatcherServlet 'dispatcherServlet'
2022-12-03 02:23:48.075 [INFO] [http-nio-8080-exec-2] [525] Initializing Servlet 'dispatcherServlet'
2022-12-03 02:23:48.076 [INFO] [http-nio-8080-exec-2] [547] Completed initialization in 1 ms
2022-12-03 02:23:54.297 [WARN] [http-nio-8080-exec-3] [207] Resolved [org.springframework.web.bind.MissingPathVariableException: Required URI template variable 'empName' for method parameter type String is not present]
2022-12-03 02:24:01.805 [WARN] [http-nio-8080-exec-5] [207] Resolved [org.springframework.web.bind.MissingPathVariableException: Required URI template variable 'empName' for method parameter type String is not present]
2022-12-03 02:24:54.548 [INFO] [File Watcher] [211] Restarting due to 1 class path change (0 additions, 0 deletions, 1 modification)
2022-12-03 02:24:54.551 [INFO] [Thread-39] [173] Stopping service [Tomcat]
2022-12-03 02:24:54.552 [INFO] [Thread-39] [173] Destroying Spring FrameworkServlet 'dispatcherServlet'
2022-12-03 02:24:54.554 [INFO] [Thread-39] [650] Closing JPA EntityManagerFactory for persistence unit 'default'
2022-12-03 02:24:54.554 [INFO] [Thread-39] [350] HikariPool-10 - Shutdown initiated...
2022-12-03 02:24:54.555 [INFO] [Thread-39] [352] HikariPool-10 - Shutdown completed.
2022-12-03 02:24:54.588 [INFO] [restartedMain] [51] Starting EmployeeApplication using Java 17.0.4.1 with PID 10712 (C:\workspace\sts_workspace\Employee\target\classes started by liang in C:\workspace\sts_workspace\Employee)
2022-12-03 02:24:54.588 [INFO] [restartedMain] [630] No active profile set, falling back to 1 default profile: "default"
2022-12-03 02:24:54.660 [INFO] [restartedMain] [138] Bootstrapping Spring Data JPA repositories in DEFAULT mode.
2022-12-03 02:24:54.664 [INFO] [restartedMain] [208] Finished Spring Data repository scanning in 3 ms. Found 1 JPA repository interfaces.
2022-12-03 02:24:54.694 [INFO] [restartedMain] [114] Tomcat initialized with port(s): 8080 (http)
2022-12-03 02:24:54.695 [INFO] [restartedMain] [173] Starting service [Tomcat]
2022-12-03 02:24:54.695 [INFO] [restartedMain] [173] Starting Servlet engine: [Apache Tomcat/10.1.1]
2022-12-03 02:24:54.703 [INFO] [restartedMain] [173] Initializing Spring embedded WebApplicationContext
2022-12-03 02:24:54.703 [INFO] [restartedMain] [291] Root WebApplicationContext: initialization completed in 114 ms
2022-12-03 02:24:54.717 [INFO] [restartedMain] [110] HikariPool-11 - Starting...
2022-12-03 02:24:54.725 [INFO] [restartedMain] [565] HikariPool-11 - Added connection com.mysql.cj.jdbc.ConnectionImpl@4ea0a261
2022-12-03 02:24:54.725 [INFO] [restartedMain] [123] HikariPool-11 - Start completed.
2022-12-03 02:24:54.726 [INFO] [restartedMain] [31] HHH000204: Processing PersistenceUnitInfo [name: default]
2022-12-03 02:24:54.728 [WARN] [restartedMain] [626] HHH90000021: Encountered deprecated setting [javax.persistence.sharedCache.mode], use [jakarta.persistence.sharedCache.mode] instead
2022-12-03 02:24:54.730 [INFO] [restartedMain] [66] HHH000400: Using dialect: org.hibernate.dialect.MySQLDialect
2022-12-03 02:24:54.739 [INFO] [restartedMain] [51] HHH000490: Using JtaPlatform implementation: [org.hibernate.engine.transaction.jta.platform.internal.NoJtaPlatform]
2022-12-03 02:24:54.739 [INFO] [restartedMain] [437] Initialized JPA EntityManagerFactory for persistence unit 'default'
2022-12-03 02:24:54.769 [WARN] [restartedMain] [227] spring.jpa.open-in-view is enabled by default. Therefore, database queries may be performed during view rendering. Explicitly configure spring.jpa.open-in-view to disable this warning
2022-12-03 02:24:54.806 [INFO] [restartedMain] [59] LiveReload server is running on port 35729
2022-12-03 02:24:54.812 [INFO] [restartedMain] [226] Tomcat started on port(s): 8080 (http) with context path ''
2022-12-03 02:24:54.814 [INFO] [restartedMain] [57] Started EmployeeApplication in 0.237 seconds (process running for 1869.321)
2022-12-03 02:24:54.815 [INFO] [restartedMain] [63] Condition evaluation unchanged
2022-12-03 02:25:02.639 [INFO] [http-nio-8080-exec-2] [173] Initializing Spring DispatcherServlet 'dispatcherServlet'
2022-12-03 02:25:02.639 [INFO] [http-nio-8080-exec-2] [525] Initializing Servlet 'dispatcherServlet'
2022-12-03 02:25:02.640 [INFO] [http-nio-8080-exec-2] [547] Completed initialization in 1 ms
2022-12-03 02:25:02.644 [ERROR] [http-nio-8080-exec-2] [175] Servlet.service() for servlet [dispatcherServlet] in context with path [] threw exception [Handler dispatch failed: java.lang.Error: Unresolved compilation problem: 
	emp cannot be resolved to a variable
] with root cause
java.lang.Error: Unresolved compilation problem: 
	emp cannot be resolved to a variable

	at com.liang.controller.EmpController.updateEmp(EmpController.java:56) ~[classes/:na]
	at java.base/jdk.internal.reflect.NativeMethodAccessorImpl.invoke0(Native Method) ~[na:na]
	at java.base/jdk.internal.reflect.NativeMethodAccessorImpl.invoke(NativeMethodAccessorImpl.java:77) ~[na:na]
	at java.base/jdk.internal.reflect.DelegatingMethodAccessorImpl.invoke(DelegatingMethodAccessorImpl.java:43) ~[na:na]
	at java.base/java.lang.reflect.Method.invoke(Method.java:568) ~[na:na]
	at org.springframework.aop.support.AopUtils.invokeJoinpointUsingReflection(AopUtils.java:343) ~[spring-aop-6.0.2.jar:6.0.2]
	at org.springframework.aop.framework.ReflectiveMethodInvocation.invokeJoinpoint(ReflectiveMethodInvocation.java:196) ~[spring-aop-6.0.2.jar:6.0.2]
	at org.springframework.aop.framework.ReflectiveMethodInvocation.proceed(ReflectiveMethodInvocation.java:163) ~[spring-aop-6.0.2.jar:6.0.2]
	at org.springframework.aop.framework.CglibAopProxy$CglibMethodInvocation.proceed(CglibAopProxy.java:752) ~[spring-aop-6.0.2.jar:6.0.2]
	at org.springframework.transaction.interceptor.TransactionInterceptor$1.proceedWithInvocation(TransactionInterceptor.java:123) ~[spring-tx-6.0.2.jar:6.0.2]
	at org.springframework.transaction.interceptor.TransactionAspectSupport.invokeWithinTransaction(TransactionAspectSupport.java:388) ~[spring-tx-6.0.2.jar:6.0.2]
	at org.springframework.transaction.interceptor.TransactionInterceptor.invoke(TransactionInterceptor.java:119) ~[spring-tx-6.0.2.jar:6.0.2]
	at org.springframework.aop.framework.ReflectiveMethodInvocation.proceed(ReflectiveMethodInvocation.java:184) ~[spring-aop-6.0.2.jar:6.0.2]
	at org.springframework.aop.framework.CglibAopProxy$CglibMethodInvocation.proceed(CglibAopProxy.java:752) ~[spring-aop-6.0.2.jar:6.0.2]
	at org.springframework.aop.framework.CglibAopProxy$DynamicAdvisedInterceptor.intercept(CglibAopProxy.java:703) ~[spring-aop-6.0.2.jar:6.0.2]
	at com.liang.controller.EmpController$$SpringCGLIB$$0.updateEmp(<generated>) ~[classes/:na]
	at java.base/jdk.internal.reflect.NativeMethodAccessorImpl.invoke0(Native Method) ~[na:na]
	at java.base/jdk.internal.reflect.NativeMethodAccessorImpl.invoke(NativeMethodAccessorImpl.java:77) ~[na:na]
	at java.base/jdk.internal.reflect.DelegatingMethodAccessorImpl.invoke(DelegatingMethodAccessorImpl.java:43) ~[na:na]
	at java.base/java.lang.reflect.Method.invoke(Method.java:568) ~[na:na]
	at org.springframework.web.method.support.InvocableHandlerMethod.doInvoke(InvocableHandlerMethod.java:207) ~[spring-web-6.0.2.jar:6.0.2]
	at org.springframework.web.method.support.InvocableHandlerMethod.invokeForRequest(InvocableHandlerMethod.java:152) ~[spring-web-6.0.2.jar:6.0.2]
	at org.springframework.web.servlet.mvc.method.annotation.ServletInvocableHandlerMethod.invokeAndHandle(ServletInvocableHandlerMethod.java:117) ~[spring-webmvc-6.0.2.jar:6.0.2]
	at org.springframework.web.servlet.mvc.method.annotation.RequestMappingHandlerAdapter.invokeHandlerMethod(RequestMappingHandlerAdapter.java:884) ~[spring-webmvc-6.0.2.jar:6.0.2]
	at org.springframework.web.servlet.mvc.method.annotation.RequestMappingHandlerAdapter.handleInternal(RequestMappingHandlerAdapter.java:797) ~[spring-webmvc-6.0.2.jar:6.0.2]
	at org.springframework.web.servlet.mvc.method.AbstractHandlerMethodAdapter.handle(AbstractHandlerMethodAdapter.java:87) ~[spring-webmvc-6.0.2.jar:6.0.2]
	at org.springframework.web.servlet.DispatcherServlet.doDispatch(DispatcherServlet.java:1080) ~[spring-webmvc-6.0.2.jar:6.0.2]
	at org.springframework.web.servlet.DispatcherServlet.doService(DispatcherServlet.java:973) ~[spring-webmvc-6.0.2.jar:6.0.2]
	at org.springframework.web.servlet.FrameworkServlet.processRequest(FrameworkServlet.java:1003) ~[spring-webmvc-6.0.2.jar:6.0.2]
	at org.springframework.web.servlet.FrameworkServlet.doPut(FrameworkServlet.java:917) ~[spring-webmvc-6.0.2.jar:6.0.2]
	at jakarta.servlet.http.HttpServlet.service(HttpServlet.java:734) ~[tomcat-embed-core-10.1.1.jar:6.0]
	at org.springframework.web.servlet.FrameworkServlet.service(FrameworkServlet.java:880) ~[spring-webmvc-6.0.2.jar:6.0.2]
	at jakarta.servlet.http.HttpServlet.service(HttpServlet.java:814) ~[tomcat-embed-core-10.1.1.jar:6.0]
	at org.apache.catalina.core.ApplicationFilterChain.internalDoFilter(ApplicationFilterChain.java:223) ~[tomcat-embed-core-10.1.1.jar:10.1.1]
	at org.apache.catalina.core.ApplicationFilterChain.doFilter(ApplicationFilterChain.java:158) ~[tomcat-embed-core-10.1.1.jar:10.1.1]
	at org.apache.tomcat.websocket.server.WsFilter.doFilter(WsFilter.java:53) ~[tomcat-embed-websocket-10.1.1.jar:10.1.1]
	at org.apache.catalina.core.ApplicationFilterChain.internalDoFilter(ApplicationFilterChain.java:185) ~[tomcat-embed-core-10.1.1.jar:10.1.1]
	at org.apache.catalina.core.ApplicationFilterChain.doFilter(ApplicationFilterChain.java:158) ~[tomcat-embed-core-10.1.1.jar:10.1.1]
	at org.springframework.web.filter.RequestContextFilter.doFilterInternal(RequestContextFilter.java:100) ~[spring-web-6.0.2.jar:6.0.2]
	at org.springframework.web.filter.OncePerRequestFilter.doFilter(OncePerRequestFilter.java:116) ~[spring-web-6.0.2.jar:6.0.2]
	at org.apache.catalina.core.ApplicationFilterChain.internalDoFilter(ApplicationFilterChain.java:185) ~[tomcat-embed-core-10.1.1.jar:10.1.1]
	at org.apache.catalina.core.ApplicationFilterChain.doFilter(ApplicationFilterChain.java:158) ~[tomcat-embed-core-10.1.1.jar:10.1.1]
	at org.springframework.web.filter.FormContentFilter.doFilterInternal(FormContentFilter.java:93) ~[spring-web-6.0.2.jar:6.0.2]
	at org.springframework.web.filter.OncePerRequestFilter.doFilter(OncePerRequestFilter.java:116) ~[spring-web-6.0.2.jar:6.0.2]
	at org.apache.catalina.core.ApplicationFilterChain.internalDoFilter(ApplicationFilterChain.java:185) ~[tomcat-embed-core-10.1.1.jar:10.1.1]
	at org.apache.catalina.core.ApplicationFilterChain.doFilter(ApplicationFilterChain.java:158) ~[tomcat-embed-core-10.1.1.jar:10.1.1]
	at org.springframework.web.filter.CharacterEncodingFilter.doFilterInternal(CharacterEncodingFilter.java:201) ~[spring-web-6.0.2.jar:6.0.2]
	at org.springframework.web.filter.OncePerRequestFilter.doFilter(OncePerRequestFilter.java:116) ~[spring-web-6.0.2.jar:6.0.2]
	at org.apache.catalina.core.ApplicationFilterChain.internalDoFilter(ApplicationFilterChain.java:185) ~[tomcat-embed-core-10.1.1.jar:10.1.1]
	at org.apache.catalina.core.ApplicationFilterChain.doFilter(ApplicationFilterChain.java:158) ~[tomcat-embed-core-10.1.1.jar:10.1.1]
	at org.apache.catalina.core.StandardWrapperValve.invoke(StandardWrapperValve.java:197) ~[tomcat-embed-core-10.1.1.jar:10.1.1]
	at org.apache.catalina.core.StandardContextValve.invoke(StandardContextValve.java:97) ~[tomcat-embed-core-10.1.1.jar:10.1.1]
	at org.apache.catalina.authenticator.AuthenticatorBase.invoke(AuthenticatorBase.java:542) ~[tomcat-embed-core-10.1.1.jar:10.1.1]
	at org.apache.catalina.core.StandardHostValve.invoke(StandardHostValve.java:119) ~[tomcat-embed-core-10.1.1.jar:10.1.1]
	at org.apache.catalina.valves.ErrorReportValve.invoke(ErrorReportValve.java:92) ~[tomcat-embed-core-10.1.1.jar:10.1.1]
	at org.apache.catalina.core.StandardEngineValve.invoke(StandardEngineValve.java:78) ~[tomcat-embed-core-10.1.1.jar:10.1.1]
	at org.apache.catalina.connector.CoyoteAdapter.service(CoyoteAdapter.java:357) ~[tomcat-embed-core-10.1.1.jar:10.1.1]
	at org.apache.coyote.http11.Http11Processor.service(Http11Processor.java:400) ~[tomcat-embed-core-10.1.1.jar:10.1.1]
	at org.apache.coyote.AbstractProcessorLight.process(AbstractProcessorLight.java:65) ~[tomcat-embed-core-10.1.1.jar:10.1.1]
	at org.apache.coyote.AbstractProtocol$ConnectionHandler.process(AbstractProtocol.java:861) ~[tomcat-embed-core-10.1.1.jar:10.1.1]
	at org.apache.tomcat.util.net.NioEndpoint$SocketProcessor.doRun(NioEndpoint.java:1739) ~[tomcat-embed-core-10.1.1.jar:10.1.1]
	at org.apache.tomcat.util.net.SocketProcessorBase.run(SocketProcessorBase.java:52) ~[tomcat-embed-core-10.1.1.jar:10.1.1]
	at org.apache.tomcat.util.threads.ThreadPoolExecutor.runWorker(ThreadPoolExecutor.java:1191) ~[tomcat-embed-core-10.1.1.jar:10.1.1]
	at org.apache.tomcat.util.threads.ThreadPoolExecutor$Worker.run(ThreadPoolExecutor.java:659) ~[tomcat-embed-core-10.1.1.jar:10.1.1]
	at org.apache.tomcat.util.threads.TaskThread$WrappingRunnable.run(TaskThread.java:61) ~[tomcat-embed-core-10.1.1.jar:10.1.1]
	at java.base/java.lang.Thread.run(Thread.java:833) ~[na:na]
2022-12-03 02:28:07.242 [INFO] [File Watcher] [211] Restarting due to 1 class path change (0 additions, 0 deletions, 1 modification)
2022-12-03 02:28:07.246 [INFO] [Thread-43] [173] Stopping service [Tomcat]
2022-12-03 02:28:07.246 [INFO] [Thread-43] [173] Destroying Spring FrameworkServlet 'dispatcherServlet'
2022-12-03 02:28:07.248 [INFO] [Thread-43] [650] Closing JPA EntityManagerFactory for persistence unit 'default'
2022-12-03 02:28:07.249 [INFO] [Thread-43] [350] HikariPool-11 - Shutdown initiated...
2022-12-03 02:28:07.250 [INFO] [Thread-43] [352] HikariPool-11 - Shutdown completed.
2022-12-03 02:28:07.289 [INFO] [restartedMain] [51] Starting EmployeeApplication using Java 17.0.4.1 with PID 10712 (C:\workspace\sts_workspace\Employee\target\classes started by liang in C:\workspace\sts_workspace\Employee)
2022-12-03 02:28:07.289 [INFO] [restartedMain] [630] No active profile set, falling back to 1 default profile: "default"
2022-12-03 02:28:07.366 [INFO] [restartedMain] [138] Bootstrapping Spring Data JPA repositories in DEFAULT mode.
2022-12-03 02:28:07.371 [INFO] [restartedMain] [208] Finished Spring Data repository scanning in 4 ms. Found 1 JPA repository interfaces.
2022-12-03 02:28:07.404 [INFO] [restartedMain] [114] Tomcat initialized with port(s): 8080 (http)
2022-12-03 02:28:07.405 [INFO] [restartedMain] [173] Starting service [Tomcat]
2022-12-03 02:28:07.405 [INFO] [restartedMain] [173] Starting Servlet engine: [Apache Tomcat/10.1.1]
2022-12-03 02:28:07.413 [INFO] [restartedMain] [173] Initializing Spring embedded WebApplicationContext
2022-12-03 02:28:07.413 [INFO] [restartedMain] [291] Root WebApplicationContext: initialization completed in 123 ms
2022-12-03 02:28:07.429 [INFO] [restartedMain] [110] HikariPool-12 - Starting...
2022-12-03 02:28:07.437 [INFO] [restartedMain] [565] HikariPool-12 - Added connection com.mysql.cj.jdbc.ConnectionImpl@68a60bd8
2022-12-03 02:28:07.437 [INFO] [restartedMain] [123] HikariPool-12 - Start completed.
2022-12-03 02:28:07.438 [INFO] [restartedMain] [31] HHH000204: Processing PersistenceUnitInfo [name: default]
2022-12-03 02:28:07.440 [WARN] [restartedMain] [626] HHH90000021: Encountered deprecated setting [javax.persistence.sharedCache.mode], use [jakarta.persistence.sharedCache.mode] instead
2022-12-03 02:28:07.442 [INFO] [restartedMain] [66] HHH000400: Using dialect: org.hibernate.dialect.MySQLDialect
2022-12-03 02:28:07.451 [INFO] [restartedMain] [51] HHH000490: Using JtaPlatform implementation: [org.hibernate.engine.transaction.jta.platform.internal.NoJtaPlatform]
2022-12-03 02:28:07.451 [INFO] [restartedMain] [437] Initialized JPA EntityManagerFactory for persistence unit 'default'
2022-12-03 02:28:07.486 [WARN] [restartedMain] [227] spring.jpa.open-in-view is enabled by default. Therefore, database queries may be performed during view rendering. Explicitly configure spring.jpa.open-in-view to disable this warning
2022-12-03 02:28:07.524 [INFO] [restartedMain] [59] LiveReload server is running on port 35729
2022-12-03 02:28:07.530 [INFO] [restartedMain] [226] Tomcat started on port(s): 8080 (http) with context path ''
2022-12-03 02:28:07.532 [INFO] [restartedMain] [57] Started EmployeeApplication in 0.255 seconds (process running for 2062.039)
2022-12-03 02:28:07.533 [INFO] [restartedMain] [63] Condition evaluation unchanged
2022-12-03 02:28:30.698 [INFO] [http-nio-8080-exec-2] [173] Initializing Spring DispatcherServlet 'dispatcherServlet'
2022-12-03 02:28:30.698 [INFO] [http-nio-8080-exec-2] [525] Initializing Servlet 'dispatcherServlet'
2022-12-03 02:28:30.699 [INFO] [http-nio-8080-exec-2] [547] Completed initialization in 1 ms
2022-12-03 02:30:47.234 [INFO] [File Watcher] [211] Restarting due to 1 class path change (0 additions, 0 deletions, 1 modification)
2022-12-03 02:30:47.249 [INFO] [Thread-47] [173] Stopping service [Tomcat]
2022-12-03 02:30:47.250 [INFO] [Thread-47] [173] Destroying Spring FrameworkServlet 'dispatcherServlet'
2022-12-03 02:30:47.256 [INFO] [Thread-47] [650] Closing JPA EntityManagerFactory for persistence unit 'default'
2022-12-03 02:30:47.256 [INFO] [Thread-47] [350] HikariPool-12 - Shutdown initiated...
2022-12-03 02:30:47.258 [INFO] [Thread-47] [352] HikariPool-12 - Shutdown completed.
2022-12-03 02:30:47.299 [INFO] [restartedMain] [51] Starting EmployeeApplication using Java 17.0.4.1 with PID 10712 (C:\workspace\sts_workspace\Employee\target\classes started by liang in C:\workspace\sts_workspace\Employee)
2022-12-03 02:30:47.299 [INFO] [restartedMain] [630] No active profile set, falling back to 1 default profile: "default"
2022-12-03 02:30:47.376 [INFO] [restartedMain] [138] Bootstrapping Spring Data JPA repositories in DEFAULT mode.
2022-12-03 02:30:47.380 [INFO] [restartedMain] [208] Finished Spring Data repository scanning in 3 ms. Found 1 JPA repository interfaces.
2022-12-03 02:30:47.412 [INFO] [restartedMain] [114] Tomcat initialized with port(s): 8080 (http)
2022-12-03 02:30:47.412 [INFO] [restartedMain] [173] Starting service [Tomcat]
2022-12-03 02:30:47.413 [INFO] [restartedMain] [173] Starting Servlet engine: [Apache Tomcat/10.1.1]
2022-12-03 02:30:47.422 [INFO] [restartedMain] [173] Initializing Spring embedded WebApplicationContext
2022-12-03 02:30:47.422 [INFO] [restartedMain] [291] Root WebApplicationContext: initialization completed in 122 ms
2022-12-03 02:30:47.436 [INFO] [restartedMain] [110] HikariPool-13 - Starting...
2022-12-03 02:30:47.444 [INFO] [restartedMain] [565] HikariPool-13 - Added connection com.mysql.cj.jdbc.ConnectionImpl@fea34ca
2022-12-03 02:30:47.445 [INFO] [restartedMain] [123] HikariPool-13 - Start completed.
2022-12-03 02:30:47.445 [INFO] [restartedMain] [31] HHH000204: Processing PersistenceUnitInfo [name: default]
2022-12-03 02:30:47.447 [WARN] [restartedMain] [626] HHH90000021: Encountered deprecated setting [javax.persistence.sharedCache.mode], use [jakarta.persistence.sharedCache.mode] instead
2022-12-03 02:30:47.450 [INFO] [restartedMain] [66] HHH000400: Using dialect: org.hibernate.dialect.MySQLDialect
2022-12-03 02:30:47.460 [INFO] [restartedMain] [51] HHH000490: Using JtaPlatform implementation: [org.hibernate.engine.transaction.jta.platform.internal.NoJtaPlatform]
2022-12-03 02:30:47.460 [INFO] [restartedMain] [437] Initialized JPA EntityManagerFactory for persistence unit 'default'
2022-12-03 02:30:47.491 [WARN] [restartedMain] [227] spring.jpa.open-in-view is enabled by default. Therefore, database queries may be performed during view rendering. Explicitly configure spring.jpa.open-in-view to disable this warning
2022-12-03 02:30:47.528 [INFO] [restartedMain] [59] LiveReload server is running on port 35729
2022-12-03 02:30:47.534 [INFO] [restartedMain] [226] Tomcat started on port(s): 8080 (http) with context path ''
2022-12-03 02:30:47.536 [INFO] [restartedMain] [57] Started EmployeeApplication in 0.25 seconds (process running for 2222.043)
2022-12-03 02:30:47.537 [INFO] [restartedMain] [63] Condition evaluation unchanged
2022-12-03 02:30:57.107 [INFO] [File Watcher] [211] Restarting due to 1 class path change (0 additions, 0 deletions, 1 modification)
2022-12-03 02:30:57.110 [INFO] [Thread-51] [173] Stopping service [Tomcat]
2022-12-03 02:30:57.112 [INFO] [Thread-51] [650] Closing JPA EntityManagerFactory for persistence unit 'default'
2022-12-03 02:30:57.113 [INFO] [Thread-51] [350] HikariPool-13 - Shutdown initiated...
2022-12-03 02:30:57.114 [INFO] [Thread-51] [352] HikariPool-13 - Shutdown completed.
2022-12-03 02:30:57.153 [INFO] [restartedMain] [51] Starting EmployeeApplication using Java 17.0.4.1 with PID 10712 (C:\workspace\sts_workspace\Employee\target\classes started by liang in C:\workspace\sts_workspace\Employee)
2022-12-03 02:30:57.153 [INFO] [restartedMain] [630] No active profile set, falling back to 1 default profile: "default"
2022-12-03 02:30:57.228 [INFO] [restartedMain] [138] Bootstrapping Spring Data JPA repositories in DEFAULT mode.
2022-12-03 02:30:57.233 [INFO] [restartedMain] [208] Finished Spring Data repository scanning in 4 ms. Found 1 JPA repository interfaces.
2022-12-03 02:30:57.269 [INFO] [restartedMain] [114] Tomcat initialized with port(s): 8080 (http)
2022-12-03 02:30:57.269 [INFO] [restartedMain] [173] Starting service [Tomcat]
2022-12-03 02:30:57.269 [INFO] [restartedMain] [173] Starting Servlet engine: [Apache Tomcat/10.1.1]
2022-12-03 02:30:57.279 [INFO] [restartedMain] [173] Initializing Spring embedded WebApplicationContext
2022-12-03 02:30:57.279 [INFO] [restartedMain] [291] Root WebApplicationContext: initialization completed in 125 ms
2022-12-03 02:30:57.294 [INFO] [restartedMain] [110] HikariPool-14 - Starting...
2022-12-03 02:30:57.301 [INFO] [restartedMain] [565] HikariPool-14 - Added connection com.mysql.cj.jdbc.ConnectionImpl@6ba311b0
2022-12-03 02:30:57.301 [INFO] [restartedMain] [123] HikariPool-14 - Start completed.
2022-12-03 02:30:57.302 [INFO] [restartedMain] [31] HHH000204: Processing PersistenceUnitInfo [name: default]
2022-12-03 02:30:57.303 [WARN] [restartedMain] [626] HHH90000021: Encountered deprecated setting [javax.persistence.sharedCache.mode], use [jakarta.persistence.sharedCache.mode] instead
2022-12-03 02:30:57.306 [INFO] [restartedMain] [66] HHH000400: Using dialect: org.hibernate.dialect.MySQLDialect
2022-12-03 02:30:57.314 [INFO] [restartedMain] [51] HHH000490: Using JtaPlatform implementation: [org.hibernate.engine.transaction.jta.platform.internal.NoJtaPlatform]
2022-12-03 02:30:57.314 [INFO] [restartedMain] [437] Initialized JPA EntityManagerFactory for persistence unit 'default'
2022-12-03 02:30:57.346 [WARN] [restartedMain] [227] spring.jpa.open-in-view is enabled by default. Therefore, database queries may be performed during view rendering. Explicitly configure spring.jpa.open-in-view to disable this warning
2022-12-03 02:30:57.382 [INFO] [restartedMain] [59] LiveReload server is running on port 35729
2022-12-03 02:30:57.388 [INFO] [restartedMain] [226] Tomcat started on port(s): 8080 (http) with context path ''
2022-12-03 02:30:57.390 [INFO] [restartedMain] [57] Started EmployeeApplication in 0.248 seconds (process running for 2231.897)
2022-12-03 02:30:57.391 [INFO] [restartedMain] [63] Condition evaluation unchanged
2022-12-03 02:31:04.679 [INFO] [http-nio-8080-exec-3] [173] Initializing Spring DispatcherServlet 'dispatcherServlet'
2022-12-03 02:31:04.679 [INFO] [http-nio-8080-exec-3] [525] Initializing Servlet 'dispatcherServlet'
2022-12-03 02:31:04.679 [INFO] [http-nio-8080-exec-3] [547] Completed initialization in 0 ms
2022-12-03 02:31:32.343 [INFO] [File Watcher] [211] Restarting due to 1 class path change (0 additions, 0 deletions, 1 modification)
2022-12-03 02:31:32.346 [INFO] [Thread-55] [173] Stopping service [Tomcat]
2022-12-03 02:31:32.346 [INFO] [Thread-55] [173] Destroying Spring FrameworkServlet 'dispatcherServlet'
2022-12-03 02:31:32.348 [INFO] [Thread-55] [650] Closing JPA EntityManagerFactory for persistence unit 'default'
2022-12-03 02:31:32.349 [INFO] [Thread-55] [350] HikariPool-14 - Shutdown initiated...
2022-12-03 02:31:32.350 [INFO] [Thread-55] [352] HikariPool-14 - Shutdown completed.
2022-12-03 02:31:32.389 [INFO] [restartedMain] [51] Starting EmployeeApplication using Java 17.0.4.1 with PID 10712 (C:\workspace\sts_workspace\Employee\target\classes started by liang in C:\workspace\sts_workspace\Employee)
2022-12-03 02:31:32.389 [INFO] [restartedMain] [630] No active profile set, falling back to 1 default profile: "default"
2022-12-03 02:31:32.462 [INFO] [restartedMain] [138] Bootstrapping Spring Data JPA repositories in DEFAULT mode.
2022-12-03 02:31:32.466 [INFO] [restartedMain] [208] Finished Spring Data repository scanning in 4 ms. Found 1 JPA repository interfaces.
2022-12-03 02:31:32.499 [INFO] [restartedMain] [114] Tomcat initialized with port(s): 8080 (http)
2022-12-03 02:31:32.499 [INFO] [restartedMain] [173] Starting service [Tomcat]
2022-12-03 02:31:32.499 [INFO] [restartedMain] [173] Starting Servlet engine: [Apache Tomcat/10.1.1]
2022-12-03 02:31:32.507 [INFO] [restartedMain] [173] Initializing Spring embedded WebApplicationContext
2022-12-03 02:31:32.507 [INFO] [restartedMain] [291] Root WebApplicationContext: initialization completed in 117 ms
2022-12-03 02:31:32.522 [INFO] [restartedMain] [110] HikariPool-15 - Starting...
2022-12-03 02:31:32.529 [INFO] [restartedMain] [565] HikariPool-15 - Added connection com.mysql.cj.jdbc.ConnectionImpl@498f0db
2022-12-03 02:31:32.529 [INFO] [restartedMain] [123] HikariPool-15 - Start completed.
2022-12-03 02:31:32.529 [INFO] [restartedMain] [31] HHH000204: Processing PersistenceUnitInfo [name: default]
2022-12-03 02:31:32.531 [WARN] [restartedMain] [626] HHH90000021: Encountered deprecated setting [javax.persistence.sharedCache.mode], use [jakarta.persistence.sharedCache.mode] instead
2022-12-03 02:31:32.533 [INFO] [restartedMain] [66] HHH000400: Using dialect: org.hibernate.dialect.MySQLDialect
2022-12-03 02:31:32.542 [INFO] [restartedMain] [51] HHH000490: Using JtaPlatform implementation: [org.hibernate.engine.transaction.jta.platform.internal.NoJtaPlatform]
2022-12-03 02:31:32.542 [INFO] [restartedMain] [437] Initialized JPA EntityManagerFactory for persistence unit 'default'
2022-12-03 02:31:32.574 [WARN] [restartedMain] [227] spring.jpa.open-in-view is enabled by default. Therefore, database queries may be performed during view rendering. Explicitly configure spring.jpa.open-in-view to disable this warning
2022-12-03 02:31:32.613 [INFO] [restartedMain] [59] LiveReload server is running on port 35729
2022-12-03 02:31:32.619 [INFO] [restartedMain] [226] Tomcat started on port(s): 8080 (http) with context path ''
2022-12-03 02:31:32.621 [INFO] [restartedMain] [57] Started EmployeeApplication in 0.243 seconds (process running for 2267.128)
2022-12-03 02:31:32.622 [INFO] [restartedMain] [63] Condition evaluation unchanged
2022-12-03 02:31:47.304 [INFO] [File Watcher] [211] Restarting due to 1 class path change (0 additions, 0 deletions, 1 modification)
2022-12-03 02:31:47.307 [INFO] [Thread-59] [173] Stopping service [Tomcat]
2022-12-03 02:31:47.310 [INFO] [Thread-59] [650] Closing JPA EntityManagerFactory for persistence unit 'default'
2022-12-03 02:31:47.310 [INFO] [Thread-59] [350] HikariPool-15 - Shutdown initiated...
2022-12-03 02:31:47.311 [INFO] [Thread-59] [352] HikariPool-15 - Shutdown completed.
2022-12-03 02:31:47.348 [INFO] [restartedMain] [51] Starting EmployeeApplication using Java 17.0.4.1 with PID 10712 (C:\workspace\sts_workspace\Employee\target\classes started by liang in C:\workspace\sts_workspace\Employee)
2022-12-03 02:31:47.348 [INFO] [restartedMain] [630] No active profile set, falling back to 1 default profile: "default"
2022-12-03 02:31:47.423 [INFO] [restartedMain] [138] Bootstrapping Spring Data JPA repositories in DEFAULT mode.
2022-12-03 02:31:47.427 [INFO] [restartedMain] [208] Finished Spring Data repository scanning in 3 ms. Found 1 JPA repository interfaces.
2022-12-03 02:31:47.471 [INFO] [restartedMain] [114] Tomcat initialized with port(s): 8080 (http)
2022-12-03 02:31:47.471 [INFO] [restartedMain] [173] Starting service [Tomcat]
2022-12-03 02:31:47.471 [INFO] [restartedMain] [173] Starting Servlet engine: [Apache Tomcat/10.1.1]
2022-12-03 02:31:47.484 [INFO] [restartedMain] [173] Initializing Spring embedded WebApplicationContext
2022-12-03 02:31:47.484 [INFO] [restartedMain] [291] Root WebApplicationContext: initialization completed in 135 ms
2022-12-03 02:31:47.508 [INFO] [restartedMain] [110] HikariPool-16 - Starting...
2022-12-03 02:31:47.516 [INFO] [restartedMain] [565] HikariPool-16 - Added connection com.mysql.cj.jdbc.ConnectionImpl@440df132
2022-12-03 02:31:47.517 [INFO] [restartedMain] [123] HikariPool-16 - Start completed.
2022-12-03 02:31:47.518 [INFO] [restartedMain] [31] HHH000204: Processing PersistenceUnitInfo [name: default]
2022-12-03 02:31:47.520 [WARN] [restartedMain] [626] HHH90000021: Encountered deprecated setting [javax.persistence.sharedCache.mode], use [jakarta.persistence.sharedCache.mode] instead
2022-12-03 02:31:47.522 [INFO] [restartedMain] [66] HHH000400: Using dialect: org.hibernate.dialect.MySQLDialect
2022-12-03 02:31:47.532 [INFO] [restartedMain] [51] HHH000490: Using JtaPlatform implementation: [org.hibernate.engine.transaction.jta.platform.internal.NoJtaPlatform]
2022-12-03 02:31:47.532 [INFO] [restartedMain] [437] Initialized JPA EntityManagerFactory for persistence unit 'default'
2022-12-03 02:31:47.566 [WARN] [restartedMain] [227] spring.jpa.open-in-view is enabled by default. Therefore, database queries may be performed during view rendering. Explicitly configure spring.jpa.open-in-view to disable this warning
2022-12-03 02:31:47.613 [INFO] [restartedMain] [59] LiveReload server is running on port 35729
2022-12-03 02:31:47.620 [INFO] [restartedMain] [226] Tomcat started on port(s): 8080 (http) with context path ''
2022-12-03 02:31:47.622 [INFO] [restartedMain] [57] Started EmployeeApplication in 0.287 seconds (process running for 2282.129)
2022-12-03 02:31:47.623 [INFO] [restartedMain] [63] Condition evaluation unchanged
2022-12-03 02:31:52.206 [INFO] [http-nio-8080-exec-2] [173] Initializing Spring DispatcherServlet 'dispatcherServlet'
2022-12-03 02:31:52.207 [INFO] [http-nio-8080-exec-2] [525] Initializing Servlet 'dispatcherServlet'
2022-12-03 02:31:52.207 [INFO] [http-nio-8080-exec-2] [547] Completed initialization in 0 ms
2022-12-03 02:43:55.269 [INFO] [File Watcher] [211] Restarting due to 1 class path change (0 additions, 0 deletions, 1 modification)
2022-12-03 02:43:55.275 [INFO] [Thread-63] [173] Stopping service [Tomcat]
2022-12-03 02:43:55.275 [INFO] [Thread-63] [173] Destroying Spring FrameworkServlet 'dispatcherServlet'
2022-12-03 02:43:55.278 [INFO] [Thread-63] [650] Closing JPA EntityManagerFactory for persistence unit 'default'
2022-12-03 02:43:55.279 [INFO] [Thread-63] [350] HikariPool-16 - Shutdown initiated...
2022-12-03 02:43:55.280 [INFO] [Thread-63] [352] HikariPool-16 - Shutdown completed.
2022-12-03 02:43:55.321 [INFO] [restartedMain] [51] Starting EmployeeApplication using Java 17.0.4.1 with PID 10712 (C:\workspace\sts_workspace\Employee\target\classes started by liang in C:\workspace\sts_workspace\Employee)
2022-12-03 02:43:55.321 [INFO] [restartedMain] [630] No active profile set, falling back to 1 default profile: "default"
2022-12-03 02:43:55.399 [INFO] [restartedMain] [138] Bootstrapping Spring Data JPA repositories in DEFAULT mode.
2022-12-03 02:43:55.403 [INFO] [restartedMain] [208] Finished Spring Data repository scanning in 4 ms. Found 1 JPA repository interfaces.
2022-12-03 02:43:55.441 [INFO] [restartedMain] [114] Tomcat initialized with port(s): 8080 (http)
2022-12-03 02:43:55.441 [INFO] [restartedMain] [173] Starting service [Tomcat]
2022-12-03 02:43:55.441 [INFO] [restartedMain] [173] Starting Servlet engine: [Apache Tomcat/10.1.1]
2022-12-03 02:43:55.450 [INFO] [restartedMain] [173] Initializing Spring embedded WebApplicationContext
2022-12-03 02:43:55.450 [INFO] [restartedMain] [291] Root WebApplicationContext: initialization completed in 128 ms
2022-12-03 02:43:55.466 [INFO] [restartedMain] [110] HikariPool-17 - Starting...
2022-12-03 02:43:55.474 [INFO] [restartedMain] [565] HikariPool-17 - Added connection com.mysql.cj.jdbc.ConnectionImpl@48346bd8
2022-12-03 02:43:55.474 [INFO] [restartedMain] [123] HikariPool-17 - Start completed.
2022-12-03 02:43:55.475 [INFO] [restartedMain] [31] HHH000204: Processing PersistenceUnitInfo [name: default]
2022-12-03 02:43:55.477 [WARN] [restartedMain] [626] HHH90000021: Encountered deprecated setting [javax.persistence.sharedCache.mode], use [jakarta.persistence.sharedCache.mode] instead
2022-12-03 02:43:55.480 [INFO] [restartedMain] [66] HHH000400: Using dialect: org.hibernate.dialect.MySQLDialect
2022-12-03 02:43:55.490 [INFO] [restartedMain] [51] HHH000490: Using JtaPlatform implementation: [org.hibernate.engine.transaction.jta.platform.internal.NoJtaPlatform]
2022-12-03 02:43:55.490 [INFO] [restartedMain] [437] Initialized JPA EntityManagerFactory for persistence unit 'default'
2022-12-03 02:43:55.526 [WARN] [restartedMain] [227] spring.jpa.open-in-view is enabled by default. Therefore, database queries may be performed during view rendering. Explicitly configure spring.jpa.open-in-view to disable this warning
2022-12-03 02:43:55.572 [INFO] [restartedMain] [59] LiveReload server is running on port 35729
2022-12-03 02:43:55.581 [INFO] [restartedMain] [226] Tomcat started on port(s): 8080 (http) with context path ''
2022-12-03 02:43:55.583 [INFO] [restartedMain] [57] Started EmployeeApplication in 0.276 seconds (process running for 3010.09)
2022-12-03 02:43:55.584 [INFO] [restartedMain] [63] Condition evaluation unchanged
2022-12-03 02:44:32.644 [INFO] [File Watcher] [211] Restarting due to 1 class path change (0 additions, 0 deletions, 1 modification)
2022-12-03 02:44:32.647 [INFO] [Thread-67] [173] Stopping service [Tomcat]
2022-12-03 02:44:32.649 [INFO] [Thread-67] [650] Closing JPA EntityManagerFactory for persistence unit 'default'
2022-12-03 02:44:32.650 [INFO] [Thread-67] [350] HikariPool-17 - Shutdown initiated...
2022-12-03 02:44:32.651 [INFO] [Thread-67] [352] HikariPool-17 - Shutdown completed.
2022-12-03 02:44:32.689 [INFO] [restartedMain] [51] Starting EmployeeApplication using Java 17.0.4.1 with PID 10712 (C:\workspace\sts_workspace\Employee\target\classes started by liang in C:\workspace\sts_workspace\Employee)
2022-12-03 02:44:32.690 [INFO] [restartedMain] [630] No active profile set, falling back to 1 default profile: "default"
2022-12-03 02:44:32.764 [INFO] [restartedMain] [138] Bootstrapping Spring Data JPA repositories in DEFAULT mode.
2022-12-03 02:44:32.767 [INFO] [restartedMain] [208] Finished Spring Data repository scanning in 3 ms. Found 1 JPA repository interfaces.
2022-12-03 02:44:32.799 [INFO] [restartedMain] [114] Tomcat initialized with port(s): 8080 (http)
2022-12-03 02:44:32.799 [INFO] [restartedMain] [173] Starting service [Tomcat]
2022-12-03 02:44:32.799 [INFO] [restartedMain] [173] Starting Servlet engine: [Apache Tomcat/10.1.1]
2022-12-03 02:44:32.809 [INFO] [restartedMain] [173] Initializing Spring embedded WebApplicationContext
2022-12-03 02:44:32.809 [INFO] [restartedMain] [291] Root WebApplicationContext: initialization completed in 118 ms
2022-12-03 02:44:32.823 [INFO] [restartedMain] [110] HikariPool-18 - Starting...
2022-12-03 02:44:32.831 [INFO] [restartedMain] [565] HikariPool-18 - Added connection com.mysql.cj.jdbc.ConnectionImpl@77e689f
2022-12-03 02:44:32.831 [INFO] [restartedMain] [123] HikariPool-18 - Start completed.
2022-12-03 02:44:32.832 [INFO] [restartedMain] [31] HHH000204: Processing PersistenceUnitInfo [name: default]
2022-12-03 02:44:32.834 [WARN] [restartedMain] [626] HHH90000021: Encountered deprecated setting [javax.persistence.sharedCache.mode], use [jakarta.persistence.sharedCache.mode] instead
2022-12-03 02:44:32.836 [INFO] [restartedMain] [66] HHH000400: Using dialect: org.hibernate.dialect.MySQLDialect
2022-12-03 02:44:32.845 [INFO] [restartedMain] [51] HHH000490: Using JtaPlatform implementation: [org.hibernate.engine.transaction.jta.platform.internal.NoJtaPlatform]
2022-12-03 02:44:32.845 [INFO] [restartedMain] [437] Initialized JPA EntityManagerFactory for persistence unit 'default'
2022-12-03 02:44:32.875 [WARN] [restartedMain] [227] spring.jpa.open-in-view is enabled by default. Therefore, database queries may be performed during view rendering. Explicitly configure spring.jpa.open-in-view to disable this warning
2022-12-03 02:44:32.911 [INFO] [restartedMain] [59] LiveReload server is running on port 35729
2022-12-03 02:44:32.917 [INFO] [restartedMain] [226] Tomcat started on port(s): 8080 (http) with context path ''
2022-12-03 02:44:32.919 [INFO] [restartedMain] [57] Started EmployeeApplication in 0.241 seconds (process running for 3047.426)
2022-12-03 02:44:32.920 [INFO] [restartedMain] [63] Condition evaluation unchanged
2022-12-03 02:44:55.585 [INFO] [File Watcher] [211] Restarting due to 1 class path change (0 additions, 0 deletions, 1 modification)
2022-12-03 02:44:55.588 [INFO] [Thread-71] [173] Stopping service [Tomcat]
2022-12-03 02:44:55.591 [INFO] [Thread-71] [650] Closing JPA EntityManagerFactory for persistence unit 'default'
2022-12-03 02:44:55.591 [INFO] [Thread-71] [350] HikariPool-18 - Shutdown initiated...
2022-12-03 02:44:55.593 [INFO] [Thread-71] [352] HikariPool-18 - Shutdown completed.
2022-12-03 02:44:55.630 [INFO] [restartedMain] [51] Starting EmployeeApplication using Java 17.0.4.1 with PID 10712 (C:\workspace\sts_workspace\Employee\target\classes started by liang in C:\workspace\sts_workspace\Employee)
2022-12-03 02:44:55.630 [INFO] [restartedMain] [630] No active profile set, falling back to 1 default profile: "default"
2022-12-03 02:44:55.699 [INFO] [restartedMain] [138] Bootstrapping Spring Data JPA repositories in DEFAULT mode.
2022-12-03 02:44:55.703 [INFO] [restartedMain] [208] Finished Spring Data repository scanning in 3 ms. Found 1 JPA repository interfaces.
2022-12-03 02:44:55.734 [INFO] [restartedMain] [114] Tomcat initialized with port(s): 8080 (http)
2022-12-03 02:44:55.734 [INFO] [restartedMain] [173] Starting service [Tomcat]
2022-12-03 02:44:55.734 [INFO] [restartedMain] [173] Starting Servlet engine: [Apache Tomcat/10.1.1]
2022-12-03 02:44:55.744 [INFO] [restartedMain] [173] Initializing Spring embedded WebApplicationContext
2022-12-03 02:44:55.744 [INFO] [restartedMain] [291] Root WebApplicationContext: initialization completed in 113 ms
2022-12-03 02:44:55.758 [INFO] [restartedMain] [110] HikariPool-19 - Starting...
2022-12-03 02:44:55.766 [INFO] [restartedMain] [565] HikariPool-19 - Added connection com.mysql.cj.jdbc.ConnectionImpl@61f0007
2022-12-03 02:44:55.766 [INFO] [restartedMain] [123] HikariPool-19 - Start completed.
2022-12-03 02:44:55.766 [INFO] [restartedMain] [31] HHH000204: Processing PersistenceUnitInfo [name: default]
2022-12-03 02:44:55.768 [WARN] [restartedMain] [626] HHH90000021: Encountered deprecated setting [javax.persistence.sharedCache.mode], use [jakarta.persistence.sharedCache.mode] instead
2022-12-03 02:44:55.770 [INFO] [restartedMain] [66] HHH000400: Using dialect: org.hibernate.dialect.MySQLDialect
2022-12-03 02:44:55.780 [INFO] [restartedMain] [51] HHH000490: Using JtaPlatform implementation: [org.hibernate.engine.transaction.jta.platform.internal.NoJtaPlatform]
2022-12-03 02:44:55.781 [INFO] [restartedMain] [437] Initialized JPA EntityManagerFactory for persistence unit 'default'
2022-12-03 02:44:55.810 [WARN] [restartedMain] [227] spring.jpa.open-in-view is enabled by default. Therefore, database queries may be performed during view rendering. Explicitly configure spring.jpa.open-in-view to disable this warning
2022-12-03 02:44:55.844 [INFO] [restartedMain] [59] LiveReload server is running on port 35729
2022-12-03 02:44:55.850 [INFO] [restartedMain] [226] Tomcat started on port(s): 8080 (http) with context path ''
2022-12-03 02:44:55.852 [INFO] [restartedMain] [57] Started EmployeeApplication in 0.233 seconds (process running for 3070.36)
2022-12-03 02:44:55.853 [INFO] [restartedMain] [63] Condition evaluation unchanged
2022-12-03 02:45:19.375 [INFO] [File Watcher] [211] Restarting due to 1 class path change (0 additions, 0 deletions, 1 modification)
2022-12-03 02:45:19.378 [INFO] [Thread-75] [173] Stopping service [Tomcat]
2022-12-03 02:45:19.380 [INFO] [Thread-75] [650] Closing JPA EntityManagerFactory for persistence unit 'default'
2022-12-03 02:45:19.380 [INFO] [Thread-75] [350] HikariPool-19 - Shutdown initiated...
2022-12-03 02:45:19.382 [INFO] [Thread-75] [352] HikariPool-19 - Shutdown completed.
2022-12-03 02:45:19.419 [INFO] [restartedMain] [51] Starting EmployeeApplication using Java 17.0.4.1 with PID 10712 (C:\workspace\sts_workspace\Employee\target\classes started by liang in C:\workspace\sts_workspace\Employee)
2022-12-03 02:45:19.419 [INFO] [restartedMain] [630] No active profile set, falling back to 1 default profile: "default"
2022-12-03 02:45:19.490 [INFO] [restartedMain] [138] Bootstrapping Spring Data JPA repositories in DEFAULT mode.
2022-12-03 02:45:19.494 [INFO] [restartedMain] [208] Finished Spring Data repository scanning in 3 ms. Found 1 JPA repository interfaces.
2022-12-03 02:45:19.524 [INFO] [restartedMain] [114] Tomcat initialized with port(s): 8080 (http)
2022-12-03 02:45:19.525 [INFO] [restartedMain] [173] Starting service [Tomcat]
2022-12-03 02:45:19.525 [INFO] [restartedMain] [173] Starting Servlet engine: [Apache Tomcat/10.1.1]
2022-12-03 02:45:19.534 [INFO] [restartedMain] [173] Initializing Spring embedded WebApplicationContext
2022-12-03 02:45:19.534 [INFO] [restartedMain] [291] Root WebApplicationContext: initialization completed in 114 ms
2022-12-03 02:45:19.548 [INFO] [restartedMain] [110] HikariPool-20 - Starting...
2022-12-03 02:45:19.556 [INFO] [restartedMain] [565] HikariPool-20 - Added connection com.mysql.cj.jdbc.ConnectionImpl@3c398328
2022-12-03 02:45:19.556 [INFO] [restartedMain] [123] HikariPool-20 - Start completed.
2022-12-03 02:45:19.557 [INFO] [restartedMain] [31] HHH000204: Processing PersistenceUnitInfo [name: default]
2022-12-03 02:45:19.558 [WARN] [restartedMain] [626] HHH90000021: Encountered deprecated setting [javax.persistence.sharedCache.mode], use [jakarta.persistence.sharedCache.mode] instead
2022-12-03 02:45:19.561 [INFO] [restartedMain] [66] HHH000400: Using dialect: org.hibernate.dialect.MySQLDialect
2022-12-03 02:45:19.568 [INFO] [restartedMain] [51] HHH000490: Using JtaPlatform implementation: [org.hibernate.engine.transaction.jta.platform.internal.NoJtaPlatform]
2022-12-03 02:45:19.568 [INFO] [restartedMain] [437] Initialized JPA EntityManagerFactory for persistence unit 'default'
2022-12-03 02:45:19.598 [WARN] [restartedMain] [227] spring.jpa.open-in-view is enabled by default. Therefore, database queries may be performed during view rendering. Explicitly configure spring.jpa.open-in-view to disable this warning
2022-12-03 02:45:19.633 [INFO] [restartedMain] [59] LiveReload server is running on port 35729
2022-12-03 02:45:19.641 [INFO] [restartedMain] [226] Tomcat started on port(s): 8080 (http) with context path ''
2022-12-03 02:45:19.643 [INFO] [restartedMain] [57] Started EmployeeApplication in 0.236 seconds (process running for 3094.15)
2022-12-03 02:45:19.644 [INFO] [restartedMain] [63] Condition evaluation unchanged
2022-12-03 02:45:49.756 [INFO] [http-nio-8080-exec-1] [173] Initializing Spring DispatcherServlet 'dispatcherServlet'
2022-12-03 02:45:49.756 [INFO] [http-nio-8080-exec-1] [525] Initializing Servlet 'dispatcherServlet'
2022-12-03 02:45:49.757 [INFO] [http-nio-8080-exec-1] [547] Completed initialization in 1 ms
2022-12-03 02:46:07.486 [INFO] [File Watcher] [211] Restarting due to 1 class path change (0 additions, 0 deletions, 1 modification)
2022-12-03 02:46:07.489 [INFO] [Thread-79] [173] Stopping service [Tomcat]
2022-12-03 02:46:07.490 [INFO] [Thread-79] [173] Destroying Spring FrameworkServlet 'dispatcherServlet'
2022-12-03 02:46:07.492 [INFO] [Thread-79] [650] Closing JPA EntityManagerFactory for persistence unit 'default'
2022-12-03 02:46:07.492 [INFO] [Thread-79] [350] HikariPool-20 - Shutdown initiated...
2022-12-03 02:46:07.493 [INFO] [Thread-79] [352] HikariPool-20 - Shutdown completed.
2022-12-03 02:46:07.536 [INFO] [restartedMain] [51] Starting EmployeeApplication using Java 17.0.4.1 with PID 10712 (C:\workspace\sts_workspace\Employee\target\classes started by liang in C:\workspace\sts_workspace\Employee)
2022-12-03 02:46:07.536 [INFO] [restartedMain] [630] No active profile set, falling back to 1 default profile: "default"
2022-12-03 02:46:07.620 [INFO] [restartedMain] [138] Bootstrapping Spring Data JPA repositories in DEFAULT mode.
2022-12-03 02:46:07.624 [INFO] [restartedMain] [208] Finished Spring Data repository scanning in 4 ms. Found 1 JPA repository interfaces.
2022-12-03 02:46:07.658 [INFO] [restartedMain] [114] Tomcat initialized with port(s): 8080 (http)
2022-12-03 02:46:07.658 [INFO] [restartedMain] [173] Starting service [Tomcat]
2022-12-03 02:46:07.658 [INFO] [restartedMain] [173] Starting Servlet engine: [Apache Tomcat/10.1.1]
2022-12-03 02:46:07.668 [INFO] [restartedMain] [173] Initializing Spring embedded WebApplicationContext
2022-12-03 02:46:07.668 [INFO] [restartedMain] [291] Root WebApplicationContext: initialization completed in 130 ms
2022-12-03 02:46:07.682 [INFO] [restartedMain] [110] HikariPool-21 - Starting...
2022-12-03 02:46:07.690 [INFO] [restartedMain] [565] HikariPool-21 - Added connection com.mysql.cj.jdbc.ConnectionImpl@7db28373
2022-12-03 02:46:07.690 [INFO] [restartedMain] [123] HikariPool-21 - Start completed.
2022-12-03 02:46:07.691 [INFO] [restartedMain] [31] HHH000204: Processing PersistenceUnitInfo [name: default]
2022-12-03 02:46:07.693 [WARN] [restartedMain] [626] HHH90000021: Encountered deprecated setting [javax.persistence.sharedCache.mode], use [jakarta.persistence.sharedCache.mode] instead
2022-12-03 02:46:07.695 [INFO] [restartedMain] [66] HHH000400: Using dialect: org.hibernate.dialect.MySQLDialect
2022-12-03 02:46:07.705 [INFO] [restartedMain] [51] HHH000490: Using JtaPlatform implementation: [org.hibernate.engine.transaction.jta.platform.internal.NoJtaPlatform]
2022-12-03 02:46:07.705 [INFO] [restartedMain] [437] Initialized JPA EntityManagerFactory for persistence unit 'default'
2022-12-03 12:13:37.301 [INFO] [restartedMain] [51] Starting EmployeeApplication using Java 17.0.4.1 with PID 20188 (C:\workspace\sts_workspace\Employee\target\classes started by liang in C:\workspace\sts_workspace\Employee)
2022-12-03 12:13:37.303 [INFO] [restartedMain] [630] No active profile set, falling back to 1 default profile: "default"
2022-12-03 12:13:37.339 [INFO] [restartedMain] [250] Devtools property defaults active! Set 'spring.devtools.add-properties' to 'false' to disable
2022-12-03 12:13:37.339 [INFO] [restartedMain] [250] For additional web related logging consider setting the 'logging.level.web' property to 'DEBUG'
2022-12-03 12:13:37.787 [INFO] [restartedMain] [138] Bootstrapping Spring Data JPA repositories in DEFAULT mode.
2022-12-03 12:13:37.828 [INFO] [restartedMain] [208] Finished Spring Data repository scanning in 35 ms. Found 1 JPA repository interfaces.
2022-12-03 12:13:38.210 [INFO] [restartedMain] [114] Tomcat initialized with port(s): 8080 (http)
2022-12-03 12:13:38.219 [INFO] [restartedMain] [173] Starting service [Tomcat]
2022-12-03 12:13:38.220 [INFO] [restartedMain] [173] Starting Servlet engine: [Apache Tomcat/10.1.1]
2022-12-03 12:13:38.268 [INFO] [restartedMain] [173] Initializing Spring embedded WebApplicationContext
2022-12-03 12:13:38.268 [INFO] [restartedMain] [291] Root WebApplicationContext: initialization completed in 928 ms
2022-12-03 12:13:38.358 [INFO] [restartedMain] [110] HikariPool-1 - Starting...
2022-12-03 12:13:38.572 [INFO] [restartedMain] [565] HikariPool-1 - Added connection com.mysql.cj.jdbc.ConnectionImpl@727197bd
2022-12-03 12:13:38.573 [INFO] [restartedMain] [123] HikariPool-1 - Start completed.
2022-12-03 12:13:38.605 [INFO] [restartedMain] [31] HHH000204: Processing PersistenceUnitInfo [name: default]
2022-12-03 12:13:38.651 [INFO] [restartedMain] [44] HHH000412: Hibernate ORM core version 6.1.5.Final
2022-12-03 12:13:38.796 [WARN] [restartedMain] [626] HHH90000021: Encountered deprecated setting [javax.persistence.sharedCache.mode], use [jakarta.persistence.sharedCache.mode] instead
2022-12-03 12:13:38.931 [INFO] [restartedMain] [66] HHH000400: Using dialect: org.hibernate.dialect.MySQLDialect
2022-12-03 12:13:39.381 [INFO] [restartedMain] [51] HHH000490: Using JtaPlatform implementation: [org.hibernate.engine.transaction.jta.platform.internal.NoJtaPlatform]
2022-12-03 12:13:39.392 [INFO] [restartedMain] [437] Initialized JPA EntityManagerFactory for persistence unit 'default'
2022-12-03 12:13:39.572 [WARN] [restartedMain] [227] spring.jpa.open-in-view is enabled by default. Therefore, database queries may be performed during view rendering. Explicitly configure spring.jpa.open-in-view to disable this warning
2022-12-03 12:13:39.776 [INFO] [restartedMain] [59] LiveReload server is running on port 35729
2022-12-03 12:13:39.800 [INFO] [restartedMain] [226] Tomcat started on port(s): 8080 (http) with context path ''
2022-12-03 12:13:39.807 [INFO] [restartedMain] [57] Started EmployeeApplication in 2.758 seconds (process running for 3.21)
2022-12-03 12:13:46.579 [INFO] [http-nio-8080-exec-1] [173] Initializing Spring DispatcherServlet 'dispatcherServlet'
2022-12-03 12:13:46.579 [INFO] [http-nio-8080-exec-1] [525] Initializing Servlet 'dispatcherServlet'
2022-12-03 12:13:46.580 [INFO] [http-nio-8080-exec-1] [547] Completed initialization in 0 ms
2022-12-03 12:22:30.588 [INFO] [RMI TCP Connection(13)-127.0.0.1] [159] Application shutdown requested.
2022-12-03 12:22:30.593 [INFO] [RMI TCP Connection(13)-127.0.0.1] [173] Stopping service [Tomcat]
2022-12-03 12:22:30.594 [INFO] [RMI TCP Connection(13)-127.0.0.1] [173] Destroying Spring FrameworkServlet 'dispatcherServlet'
2022-12-03 12:22:30.599 [INFO] [RMI TCP Connection(13)-127.0.0.1] [650] Closing JPA EntityManagerFactory for persistence unit 'default'
2022-12-03 12:22:30.601 [INFO] [RMI TCP Connection(13)-127.0.0.1] [350] HikariPool-1 - Shutdown initiated...
2022-12-03 12:22:30.604 [INFO] [RMI TCP Connection(13)-127.0.0.1] [352] HikariPool-1 - Shutdown completed.
